<?xml version="1.0" encoding="UTF-8"?>
<!-- Generated by org.testng.reporters.JUnitReportReporter -->
<testsuite hostname="Daminis-MacBook-Pro.local" failures="0" tests="2" name="qaclickacademy.Mavenjava.SeleniumTest" time="0.000" errors="0" timestamp="27 Nov 2021 16:24:14 GMT">
  <testcase classname="qaclickacademy.Mavenjava.SeleniumTest" name="BrowserApp" time="0.000"/>
  <testcase classname="qaclickacademy.Mavenjava.SeleniumTest" name="WebApp" time="0.000"/>
</testsuite> <!-- qaclickacademy.Mavenjava.SeleniumTest -->
