<?xml version="1.0" encoding="UTF-8"?>
<!-- Generated by org.testng.reporters.JUnitReportReporter -->
<testsuite hostname="Daminis-MacBook-Pro.local" failures="0" tests="2" name="qaclickacademy.Mavenjava.AppiumTest" time="0.013" errors="0" timestamp="27 Nov 2021 16:24:14 GMT">
  <testcase classname="qaclickacademy.Mavenjava.AppiumTest" name="AndroidApp" time="0.013"/>
  <testcase classname="qaclickacademy.Mavenjava.AppiumTest" name="IosApp" time="0.000"/>
</testsuite> <!-- qaclickacademy.Mavenjava.AppiumTest -->
