<?xml version="1.0" encoding="UTF-8"?>
<!-- Generated by org.testng.reporters.JUnitReportReporter -->
<testsuite hostname="Daminis-MacBook-Pro.local" failures="0" tests="2" name="qaclickacademy.Mavenjava.RestAPITest" time="0.001" errors="0" timestamp="27 Nov 2021 16:24:14 GMT">
  <testcase classname="qaclickacademy.Mavenjava.RestAPITest" name="Jirapost" time="0.000"/>
  <testcase classname="qaclickacademy.Mavenjava.RestAPITest" name="DeleteTwitter" time="0.001"/>
</testsuite> <!-- qaclickacademy.Mavenjava.RestAPITest -->
