<?xml version="1.0" encoding="UTF-8"?>
<!-- Generated by org.testng.reporters.JUnitReportReporter -->
<testsuite skipped="0" hostname="Daminis-MacBook-Pro.local" name="qaclickacademy.Mavenjava.SeleniumTest" tests="1" failures="0" timestamp="2021-11-26T19:51:02 EST" time="0.018" errors="0">
  <testcase name="BrowserApp" time="0.018" classname="qaclickacademy.Mavenjava.SeleniumTest"/>
  <system-out/>
</testsuite> <!-- qaclickacademy.Mavenjava.SeleniumTest -->
